<?xml version="1.0" encoding="UTF-8"?>
<robot generator="Rebot 3.0.4 (Python 3.6.6 on win32)" generated="20180927 16:52:21.883">
<suite id="s1" name="Tests" source="D:\GitHubRobotFW\Parallel\tests">
<suite id="s1-s1" name="Test Suite1" source="D:\GitHubRobotFW\Parallel\tests\test_suite1.robot">
<test id="s1-s1-t1" name="TestBlognone">
<kw name="Open Browser" library="Selenium2Library">
<doc>Opens a new browser instance to the given ``url``.</doc>
<arguments>
<arg>https://www.blognone.com</arg>
<arg>browser=chrome</arg>
</arguments>
<msg timestamp="20180927 16:52:00.928" level="INFO">Opening browser 'chrome' to base url 'https://www.blognone.com'.</msg>
<status status="PASS" starttime="20180927 16:52:00.928" endtime="20180927 16:52:17.997"></status>
</kw>
<kw name="Maximize Browser Window" library="Selenium2Library">
<doc>Maximizes current browser window.</doc>
<status status="PASS" starttime="20180927 16:52:17.997" endtime="20180927 16:52:19.125"></status>
</kw>
<kw name="Capture Page Screenshot" library="Selenium2Library">
<doc>Takes screenshot of the current page and embeds it into log file.</doc>
<msg timestamp="20180927 16:52:19.466" level="INFO" html="yes">&lt;/td&gt;&lt;/tr&gt;&lt;tr&gt;&lt;td colspan="3"&gt;&lt;a href="Tests.Test Suite1-selenium-screenshot-1.png"&gt;&lt;img src="Tests.Test Suite1-selenium-screenshot-1.png" width="800px"&gt;&lt;/a&gt;</msg>
<status status="PASS" starttime="20180927 16:52:19.125" endtime="20180927 16:52:19.466"></status>
</kw>
<kw name="Close Browser" library="Selenium2Library">
<doc>Closes the current browser.</doc>
<status status="PASS" starttime="20180927 16:52:19.466" endtime="20180927 16:52:21.614"></status>
</kw>
<status status="PASS" starttime="20180927 16:52:00.928" endtime="20180927 16:52:21.614" critical="yes"></status>
</test>
<status status="PASS" starttime="20180927 16:52:00.803" endtime="20180927 16:52:21.616"></status>
</suite>
<suite id="s1-s2" name="Test Suite2" source="D:\GitHubRobotFW\Parallel\tests\test_suite2.robot">
<test id="s1-s2-t1" name="Search Google">
<kw name="Open Browser To Search Page">
<kw name="Open Browser" library="Selenium2Library">
<doc>Opens a new browser instance to the given ``url``.</doc>
<arguments>
<arg>${URL_GOOGLE}</arg>
<arg>${BROWSER}</arg>
<arg>headlesschrome</arg>
</arguments>
<msg timestamp="20180927 16:52:00.928" level="INFO">Opening browser 'chrome' to base url 'https://www.google.com/'.</msg>
<status status="PASS" starttime="20180927 16:52:00.928" endtime="20180927 16:52:09.683"></status>
</kw>
<kw name="Maximize Browser Window" library="Selenium2Library">
<doc>Maximizes current browser window.</doc>
<status status="PASS" starttime="20180927 16:52:09.684" endtime="20180927 16:52:10.805"></status>
</kw>
<status status="PASS" starttime="20180927 16:52:00.928" endtime="20180927 16:52:10.805"></status>
</kw>
<kw name="Search Page Should Be Open">
<kw name="Input Text" library="Selenium2Library">
<doc>Types the given ``text`` into text field identified by ``locator``.</doc>
<arguments>
<arg>${input_data}</arg>
<arg>Test Framework</arg>
</arguments>
<msg timestamp="20180927 16:52:10.806" level="INFO">Typing text 'Test Framework' into text field '//*[@id="lst-ib"]'.</msg>
<status status="PASS" starttime="20180927 16:52:10.806" endtime="20180927 16:52:10.993"></status>
</kw>
<status status="PASS" starttime="20180927 16:52:10.805" endtime="20180927 16:52:10.993"></status>
</kw>
<kw name="Submit Credentials">
<kw name="Click Button" library="Selenium2Library">
<doc>Clicks button identified by ``locator``.</doc>
<arguments>
<arg>${btn_search}</arg>
</arguments>
<msg timestamp="20180927 16:52:10.996" level="INFO">Clicking button '//*[@name="btnK"]'.</msg>
<status status="PASS" starttime="20180927 16:52:10.994" endtime="20180927 16:52:13.336"></status>
</kw>
<status status="PASS" starttime="20180927 16:52:10.994" endtime="20180927 16:52:13.336"></status>
</kw>
<kw name="Please Wait Data">
<kw name="Wait Until Page Contains" library="Selenium2Library">
<doc>Waits until ``text`` appears on current page.</doc>
<arguments>
<arg>Test Framework</arg>
</arguments>
<status status="PASS" starttime="20180927 16:52:13.337" endtime="20180927 16:52:13.358"></status>
</kw>
<status status="PASS" starttime="20180927 16:52:13.336" endtime="20180927 16:52:13.359"></status>
</kw>
<status status="PASS" starttime="20180927 16:52:00.928" endtime="20180927 16:52:13.359" critical="yes"></status>
</test>
<status status="PASS" starttime="20180927 16:52:00.803" endtime="20180927 16:52:13.359"></status>
</suite>
<status status="PASS" starttime="20180927 16:52:00.787" endtime="20180927 16:52:21.618"></status>
</suite>
<statistics>
<total>
<stat pass="2" fail="0">Critical Tests</stat>
<stat pass="2" fail="0">All Tests</stat>
</total>
<tag>
</tag>
<suite>
<stat pass="2" fail="0" id="s1" name="Tests">Tests</stat>
<stat pass="1" fail="0" id="s1-s1" name="Test Suite1">Tests.Test Suite1</stat>
<stat pass="1" fail="0" id="s1-s2" name="Test Suite2">Tests.Test Suite2</stat>
</suite>
</statistics>
<errors>
</errors>
</robot>
